<?xml version="1.0" encoding="UTF-8"?>
<results>
    <canceled id="2">
        <canceled shares="100" time="2022-03-30 14:49:14.631109"/>
        <executed shares="200" price="2" time="2022-03-30 14:49:14.637391"/>
    </canceled>
    <canceled id="1">
        <canceled shares="200" time="2022-03-30 14:49:14.628188"/>
    </canceled>
    <canceled id="4">
        <canceled shares="-100" time="2022-03-30 14:49:14.639639"/>
    </canceled>
    <error id="3">Error : Invalid cancel: Trans_id doesn't exist or the order has been fully executed</error>
    <error id="5">Error : Invalid cancel: Trans_id doesn't exist or the order has been fully executed</error>
</results>
