<?xml version="1.0" encoding="UTF-8"?>
<results>
    <opened sym="Duke" amount="20" limit="20" id="2"/>
    <canceled id="2">
        <canceled shares="20" time="2022-03-31 11:58:17.66513"/>
        <executed shares="30" price="10" time="2022-03-31 11:58:17.661702"/>
    </canceled>
</results>
